<?xml version="1.0" encoding="UTF-8"?>
<testng-results ignored="0" total="2" passed="2" failed="0" skipped="0">
  <reporter-output>
  </reporter-output>
  <suite started-at="2020-06-17T19:44:18Z" name="com.crm.qa.tests.LoginPageTest" finished-at="2020-06-17T19:44:37Z" duration-ms="19464">
    <groups>
    </groups>
    <test started-at="2020-06-17T19:44:18Z" name="Command line test" finished-at="2020-06-17T19:44:37Z" duration-ms="19464">
      <class name="com.crm.qa.tests.LoginPageTest">
        <test-method is-config="true" signature="setUp()[pri:0, instance:com.crm.qa.tests.LoginPageTest@149e0f5d]" started-at="2020-06-17T19:44:18Z" name="setUp" finished-at="2020-06-17T19:44:28Z" duration-ms="9923" status="PASS">
          <reporter-output>
          </reporter-output>
        </test-method> <!-- setUp -->
        <test-method signature="loginPageTitleTest()[pri:1, instance:com.crm.qa.tests.LoginPageTest@149e0f5d]" started-at="2020-06-17T19:44:28Z" name="loginPageTitleTest" finished-at="2020-06-17T19:44:28Z" duration-ms="13" status="PASS">
          <reporter-output>
          </reporter-output>
        </test-method> <!-- loginPageTitleTest -->
        <test-method is-config="true" signature="tearDown()[pri:0, instance:com.crm.qa.tests.LoginPageTest@149e0f5d]" started-at="2020-06-17T19:44:28Z" name="tearDown" finished-at="2020-06-17T19:44:29Z" duration-ms="752" status="PASS">
          <reporter-output>
          </reporter-output>
        </test-method> <!-- tearDown -->
        <test-method is-config="true" signature="setUp()[pri:0, instance:com.crm.qa.tests.LoginPageTest@149e0f5d]" started-at="2020-06-17T19:44:29Z" name="setUp" finished-at="2020-06-17T19:44:36Z" duration-ms="7676" status="PASS">
          <reporter-output>
          </reporter-output>
        </test-method> <!-- setUp -->
        <test-method signature="loginTest()[pri:2, instance:com.crm.qa.tests.LoginPageTest@149e0f5d]" started-at="2020-06-17T19:44:36Z" name="loginTest" finished-at="2020-06-17T19:44:37Z" duration-ms="427" status="PASS">
          <reporter-output>
          </reporter-output>
        </test-method> <!-- loginTest -->
        <test-method is-config="true" signature="tearDown()[pri:0, instance:com.crm.qa.tests.LoginPageTest@149e0f5d]" started-at="2020-06-17T19:44:37Z" name="tearDown" finished-at="2020-06-17T19:44:37Z" duration-ms="644" status="PASS">
          <reporter-output>
          </reporter-output>
        </test-method> <!-- tearDown -->
      </class> <!-- com.crm.qa.tests.LoginPageTest -->
    </test> <!-- Command line test -->
  </suite> <!-- com.crm.qa.tests.LoginPageTest -->
</testng-results>
