<?xml version="1.0" encoding="UTF-8"?>
<testng-results ignored="0" total="2" passed="2" failed="0" skipped="0">
  <reporter-output>
  </reporter-output>
  <suite started-at="2020-06-17T19:40:05Z" name="Default suite" finished-at="2020-06-17T19:40:48Z" duration-ms="42674">
    <groups>
    </groups>
    <test started-at="2020-06-17T19:40:05Z" name="Default test" finished-at="2020-06-17T19:40:48Z" duration-ms="42674">
      <class name="com.crm.qa.tests.LoginPageTest">
        <test-method is-config="true" signature="setUp()[pri:0, instance:com.crm.qa.tests.LoginPageTest@291caca8]" started-at="2020-06-17T19:40:05Z" name="setUp" finished-at="2020-06-17T19:40:34Z" duration-ms="29379" status="PASS">
          <reporter-output>
          </reporter-output>
        </test-method> <!-- setUp -->
        <test-method signature="loginPageTitleTest()[pri:1, instance:com.crm.qa.tests.LoginPageTest@291caca8]" started-at="2020-06-17T19:40:34Z" name="loginPageTitleTest" finished-at="2020-06-17T19:40:34Z" duration-ms="17" status="PASS">
          <reporter-output>
          </reporter-output>
        </test-method> <!-- loginPageTitleTest -->
        <test-method is-config="true" signature="tearDown()[pri:0, instance:com.crm.qa.tests.LoginPageTest@291caca8]" started-at="2020-06-17T19:40:34Z" name="tearDown" finished-at="2020-06-17T19:40:36Z" duration-ms="1219" status="PASS">
          <reporter-output>
          </reporter-output>
        </test-method> <!-- tearDown -->
        <test-method is-config="true" signature="setUp()[pri:0, instance:com.crm.qa.tests.LoginPageTest@291caca8]" started-at="2020-06-17T19:40:36Z" name="setUp" finished-at="2020-06-17T19:40:47Z" duration-ms="10959" status="PASS">
          <reporter-output>
          </reporter-output>
        </test-method> <!-- setUp -->
        <test-method signature="loginTest()[pri:2, instance:com.crm.qa.tests.LoginPageTest@291caca8]" started-at="2020-06-17T19:40:47Z" name="loginTest" finished-at="2020-06-17T19:40:47Z" duration-ms="391" status="PASS">
          <reporter-output>
          </reporter-output>
        </test-method> <!-- loginTest -->
        <test-method is-config="true" signature="tearDown()[pri:0, instance:com.crm.qa.tests.LoginPageTest@291caca8]" started-at="2020-06-17T19:40:47Z" name="tearDown" finished-at="2020-06-17T19:40:48Z" duration-ms="668" status="PASS">
          <reporter-output>
          </reporter-output>
        </test-method> <!-- tearDown -->
      </class> <!-- com.crm.qa.tests.LoginPageTest -->
    </test> <!-- Default test -->
  </suite> <!-- Default suite -->
</testng-results>
